0 info it worked if it ends with ok
1 verbose cli [ '/Users/james/.nvm/versions/node/v6.9.5/bin/node',
1 verbose cli   '/Users/james/.nvm/versions/node/v6.9.5/bin/npm',
1 verbose cli   'start' ]
2 info using npm@3.10.10
3 info using node@v6.9.5
4 verbose run-script [ 'prestart', 'start', 'poststart' ]
5 info lifecycle actions@0.1.0~prestart: actions@0.1.0
6 silly lifecycle actions@0.1.0~prestart: no script for prestart, continuing
7 info lifecycle actions@0.1.0~start: actions@0.1.0
8 verbose lifecycle actions@0.1.0~start: unsafe-perm in lifecycle true
9 verbose lifecycle actions@0.1.0~start: PATH: /Users/james/.nvm/versions/node/v6.9.5/lib/node_modules/npm/bin/node-gyp-bin:/Users/james/Documents/workspace/DC/week13/ajax-action-exercises/node_modules/.bin:/Users/james/.nvm/versions/node/v6.9.5/bin:/usr/local/bin:/usr/bin:/bin:/usr/sbin:/sbin:/Applications/Postgres.app/Contents/Versions/9.6/bin
10 verbose lifecycle actions@0.1.0~start: CWD: /Users/james/Documents/workspace/DC/week13/ajax-action-exercises
11 silly lifecycle actions@0.1.0~start: Args: [ '-c', 'react-scripts start' ]
12 info lifecycle actions@0.1.0~start: Failed to exec start script
13 verbose stack Error: actions@0.1.0 start: `react-scripts start`
13 verbose stack spawn ENOENT
13 verbose stack     at ChildProcess.<anonymous> (/Users/james/.nvm/versions/node/v6.9.5/lib/node_modules/npm/lib/utils/spawn.js:33:16)
13 verbose stack     at emitTwo (events.js:106:13)
13 verbose stack     at ChildProcess.emit (events.js:191:7)
13 verbose stack     at maybeClose (internal/child_process.js:877:16)
13 verbose stack     at Process.ChildProcess._handle.onexit (internal/child_process.js:226:5)
14 verbose pkgid actions@0.1.0
15 verbose cwd /Users/james/Documents/workspace/DC/week13/ajax-action-exercises/src
16 error Darwin 16.5.0
17 error argv "/Users/james/.nvm/versions/node/v6.9.5/bin/node" "/Users/james/.nvm/versions/node/v6.9.5/bin/npm" "start"
18 error node v6.9.5
19 error npm  v3.10.10
20 error file sh
21 error code ELIFECYCLE
22 error errno ENOENT
23 error syscall spawn
24 error actions@0.1.0 start: `react-scripts start`
24 error spawn ENOENT
25 error Failed at the actions@0.1.0 start script 'react-scripts start'.
25 error Make sure you have the latest version of node.js and npm installed.
25 error If you do, this is most likely a problem with the actions package,
25 error not with npm itself.
25 error Tell the author that this fails on your system:
25 error     react-scripts start
25 error You can get information on how to open an issue for this project with:
25 error     npm bugs actions
25 error Or if that isn't available, you can get their info via:
25 error     npm owner ls actions
25 error There is likely additional logging output above.
26 verbose exit [ 1, true ]
